
-------------------------------------------------------------------
[Downloader2] Loaded configuration: normal
[Bootstrapper] createLauncher
[Bootstrapper] choose jvm:C:\Users\ranku\AppData\Roaming\.tlauncher\jvms\jre1.8.0_281\bin\javaw.exe
[Bootstrapper] validate files
[Bootstrapper] end validated files
[Bootstrapper] Starting launcher...
[Double running] clear time label
> Loading configuration from file: C:\Users\ranku\AppData\Roaming\.tlauncher\tlauncher-2.0.properties
> [Configuration] Constant values: {}
> [Loading] INITIALIZING
> Starting TLauncher 2.871 RELEASE
> For more information, visit https://tlauncher.org/
> Startup time: 21.12.2022 18:51:15
> Running folder C:\Users\ranku\AppData\Roaming\.minecraft
> ---
> [Loading] LOADING_CONFIGURATION
> Machine info: -------------------------------------------------------
> Windows 10 10.0, Java 1.8.0_281, jvm bit x64, 16289 MB RAM
> java path=C:\Users\ranku\AppData\Roaming\.tlauncher\jvms\jre1.8.0_281\bin\javaw.exe
> Intel(R) Xeon(R) CPU E5-2620 v3 @ 2.40GHz
>  NVIDIA GeForce GTX 1050 Ti, NVIDIA GeForce GTX 1050 Ti, 12161 MB
> -------------------------------------------------------
> Selected locale: ru_RU
> [Loading] LOADING_CONSOLE
> [Downloader2] Loaded configuration: good
> [Updater] Requesting an update...
> [Updater] Requesting from: https://repo.tlauncher.org/update/lch/update_2.0.json
> [Updater] Making request: https://repo.tlauncher.org/update/lch/update_2.0.json?version=2.871&client=40d1a15e-8798-4da0-8310-e86b1a5ab53b
> [Browser] Loading resources...
> [Updater] Request time: 339 ms
> [Updater] Successfully requested from: https://repo.tlauncher.org/update/lch/update_2.0.json
> [Browser] Loading background...
> [Browser] Cleaning up after loading:
> Starting garbage collector: 33 / 147 MB
> Garbage collector completed: 17 / 198 MB
> [Loading] LOADING_MANAGERS
> [LocalVersionList] Base directory: C:\Users\ranku\AppData\Roaming\.minecraft
> [ProfileManager] Refreshing profiles from: C:\Users\ranku\AppData\Roaming\.minecraft\TlauncherProfiles.json
> [AdvertisingStatusObserver]  started to get ad information
> [GsonUtil]  request to https://repo.tlauncher.org/update/downloads/libraries/org/tlauncher/authlib/libraries-1.7.json
> [JFXStartPageLoader]  start load page: https://page.tlauncher.org/update/downloads/configs/client/index.html
> [Browser] Running in JavaFX Thread
> [Browser] Preparing JavaFX...
> [Browser] Initializing...
> [AdvertisingStatusObserver]  finished to get add information
> save profiles
> [Loading] LOADING_WINDOW
> [Swing] Favicons loaded: 256px, 128px, 96px, 64px, 48px, 32px, 24px, 16px
> [Loading] PREPARING_MAINPANE
> [REPO][SERVER_LIST_REPO] Success: Reached the repo in 72 ms.
> [JFXStartPageLoader]  succeeded load page: https://page.tlauncher.org/update/downloads/configs/client/index.html during 0
> [Browser@1696879101] Loaded successfully: "https://page.tlauncher.org/update/downloads/configs/client/index.html"
> [Browser] add listens into server_choose
> [Browser] finished listens into server_choose
> [Downloader2] Loaded configuration: good
> [Loading] POSTINIT_GUI
> [Frame] Packing main frame...
> [Frame] Resizing main pane...
> Updater is already closed. Showing up...
> Visibility set.
> [Loading] REFRESHING_INFO
> [VersionManager] Refreshing versions remotely...
> [REPO][EXTRA_VERSION_REPO] Attempt #1; timeout: 30000 ms; url: https://repo.tlauncher.org/update/downloads/versions/new4/
> Started! (5144 ms.)
> [Loading] SUCCESS
[Bootstrapper] I can be terminated now: 0
